[ 2015-03-12T17:46:52+08:00 ] 127.0.0.1 /admin.php
INFO: [ app_init ] --START--
INFO: Run Behavior\BuildLiteBehavior [ RunTime:0.000000s ]
INFO: [ app_init ] --END-- [ RunTime:0.021002s ]
INFO: [ app_begin ] --START--
INFO: Run Behavior\ReadHtmlCacheBehavior [ RunTime:0.001000s ]
INFO: [ app_begin ] --END-- [ RunTime:0.003000s ]
INFO: [ view_parse ] --START--
INFO: [ template_filter ] --START--
INFO: Run Behavior\ContentReplaceBehavior [ RunTime:0.001000s ]
INFO: [ template_filter ] --END-- [ RunTime:0.001000s ]
NOTIC: [8] Undefined variable: alert E:\myphp\TopCH\Runtime\Cache\Admin\dd023d97164b5a749e2edb2ef1228c9f.php 第 51 行.
INFO: Run Behavior\ParseTemplateBehavior [ RunTime:0.101006s ]
INFO: [ view_parse ] --END-- [ RunTime:0.101006s ]
INFO: [ view_filter ] --START--
INFO: Run Behavior\WriteHtmlCacheBehavior [ RunTime:0.002000s ]
INFO: [ view_filter ] --END-- [ RunTime:0.002000s ]
INFO: [ app_end ] --START--
INFO: Run Behavior\ShowPageTraceBehavior [ RunTime:0.002000s ]
INFO: [ app_end ] --END-- [ RunTime:0.003000s ]

[ 2015-03-12T17:47:00+08:00 ] 127.0.0.1 /admin.php/user/login.html
INFO: [ app_init ] --START--
INFO: Run Behavior\BuildLiteBehavior [ RunTime:0.000000s ]
INFO: [ app_init ] --END-- [ RunTime:0.001000s ]
INFO: [ app_begin ] --START--
INFO: Run Behavior\ReadHtmlCacheBehavior [ RunTime:0.001000s ]
INFO: [ app_begin ] --END-- [ RunTime:0.001000s ]
SQL: SHOW COLUMNS FROM `ad_user` [ RunTime:0.043003s ]
SQL: SELECT * FROM `ad_user` WHERE `uname` = 'admin' LIMIT 1   [ RunTime:0.008001s ]
NOTIC: [8] Undefined index: name E:\myphp\TopCH\Application\Admin\Controller\UserController.class.php 第 19 行.
SQL: SHOW COLUMNS FROM `ad_role` [ RunTime:0.061004s ]
SQL: SHOW COLUMNS FROM `ad_department` [ RunTime:0.049003s ]
SQL: SELECT user.uid AS uid,user.uname AS uname,user.status AS status,user.wid AS wid,user.sex AS sex,user.qq AS qq,user.address AS address,user.email AS email,user.mobile AS mobile,role.roleid AS roleid,role.depart_id AS depart_id,role.role_name AS role_name,department.depart_name AS depart_name FROM ad_user user LEFT JOIN ad_role role ON user.roleId=role.roleId LEFT JOIN ad_department department ON department.depart_id=role.depart_id WHERE user.uid = '1' LIMIT 1   [ RunTime:0.001000s ]
NOTIC: [8] Undefined index: autologin E:\myphp\TopCH\Application\Admin\Controller\UserController.class.php 第 28 行.
NOTIC: [8] A session had already been started - ignoring session_start() E:\myphp\TopCH\ThinkPHP\Common\functions.php 第 1191 行.
NOTIC: [8] Undefined index: role_id E:\myphp\TopCH\Application\Admin\Controller\UserController.class.php 第 40 行.
NOTIC: [8] Undefined index: name E:\myphp\TopCH\Application\Admin\Controller\UserController.class.php 第 43 行.

[ 2015-03-12T17:47:00+08:00 ] 127.0.0.1 /admin.php/index/index.html
INFO: [ app_init ] --START--
INFO: Run Behavior\BuildLiteBehavior [ RunTime:0.000000s ]
INFO: [ app_init ] --END-- [ RunTime:0.001000s ]
INFO: [ app_begin ] --START--
INFO: Run Behavior\ReadHtmlCacheBehavior [ RunTime:0.000000s ]
INFO: [ app_begin ] --END-- [ RunTime:0.000000s ]
INFO: [ view_parse ] --START--
INFO: [ template_filter ] --START--
INFO: Run Behavior\ContentReplaceBehavior [ RunTime:0.001000s ]
INFO: [ template_filter ] --END-- [ RunTime:0.001000s ]
SQL: SHOW COLUMNS FROM `ad_navi` [ RunTime:0.019001s ]
SQL: SELECT * FROM `ad_navi` WHERE `parent_id` = 0 ORDER BY parent_id asc,sort_id asc  [ RunTime:0.000000s ]
SQL: SELECT * FROM `ad_navi` WHERE `parent_id` = 1 ORDER BY sort_id asc  [ RunTime:0.000000s ]
NOTIC: [2] Invalid argument supplied for foreach() E:\myphp\TopCH\Application\Admin\Widget\MeauWidget.class.php 第 16 行.
SQL: SELECT * FROM `ad_navi` WHERE `parent_id` = 2 ORDER BY sort_id asc  [ RunTime:0.000000s ]
SQL: SELECT * FROM `ad_navi` WHERE `parent_id` = 8 ORDER BY sort_id asc  [ RunTime:0.000000s ]
SQL: SELECT * FROM `ad_navi` WHERE `parent_id` = 9 ORDER BY sort_id asc  [ RunTime:0.000000s ]
SQL: SELECT * FROM `ad_navi` WHERE `parent_id` = 10 ORDER BY sort_id asc  [ RunTime:0.001000s ]
SQL: SELECT * FROM `ad_navi` WHERE `parent_id` = 11 ORDER BY sort_id asc  [ RunTime:0.000000s ]
SQL: SELECT * FROM `ad_navi` WHERE `parent_id` = 12 ORDER BY sort_id asc  [ RunTime:0.000000s ]
SQL: SELECT * FROM `ad_navi` WHERE `parent_id` = 3 ORDER BY sort_id asc  [ RunTime:0.000000s ]
NOTIC: [2] Invalid argument supplied for foreach() E:\myphp\TopCH\Application\Admin\Widget\MeauWidget.class.php 第 16 行.
SQL: SELECT * FROM `ad_navi` WHERE `parent_id` = 4 ORDER BY sort_id asc  [ RunTime:0.000000s ]
NOTIC: [2] Invalid argument supplied for foreach() E:\myphp\TopCH\Application\Admin\Widget\MeauWidget.class.php 第 16 行.
SQL: SELECT * FROM `ad_navi` WHERE `parent_id` = 5 ORDER BY sort_id asc  [ RunTime:0.000000s ]
NOTIC: [2] Invalid argument supplied for foreach() E:\myphp\TopCH\Application\Admin\Widget\MeauWidget.class.php 第 16 行.
SQL: SELECT * FROM `ad_navi` WHERE `parent_id` = 6 ORDER BY sort_id asc  [ RunTime:0.000000s ]
NOTIC: [2] Invalid argument supplied for foreach() E:\myphp\TopCH\Application\Admin\Widget\MeauWidget.class.php 第 16 行.
SQL: SELECT * FROM `ad_navi` WHERE `parent_id` = 7 ORDER BY sort_id asc  [ RunTime:0.001000s ]
NOTIC: [2] Invalid argument supplied for foreach() E:\myphp\TopCH\Application\Admin\Widget\MeauWidget.class.php 第 16 行.
INFO: [ view_parse ] --START--
INFO: [ template_filter ] --START--
INFO: Run Behavior\ContentReplaceBehavior [ RunTime:0.000000s ]
INFO: [ template_filter ] --END-- [ RunTime:-0.056003s ]
INFO: Run Behavior\ParseTemplateBehavior [ RunTime:0.020001s ]
INFO: [ view_parse ] --END-- [ RunTime:0.020001s ]
INFO: [ view_filter ] --START--
INFO: Run Behavior\WriteHtmlCacheBehavior [ RunTime:0.000000s ]
INFO: [ view_filter ] --END-- [ RunTime:0.001000s ]
INFO: Run Behavior\ParseTemplateBehavior [ RunTime:0.022001s ]
INFO: [ view_parse ] --END-- [ RunTime:0.020001s ]
INFO: [ view_filter ] --START--
INFO: Run Behavior\WriteHtmlCacheBehavior [ RunTime:0.000000s ]
INFO: [ view_filter ] --END-- [ RunTime:-0.001000s ]
INFO: [ app_end ] --START--
INFO: Run Behavior\ShowPageTraceBehavior [ RunTime:0.000000s ]
INFO: [ app_end ] --END-- [ RunTime:0.001000s ]

[ 2015-03-12T17:47:08+08:00 ] 127.0.0.1 /admin.php/user/adduser.html
INFO: [ app_init ] --START--
INFO: Run Behavior\BuildLiteBehavior [ RunTime:0.000000s ]
INFO: [ app_init ] --END-- [ RunTime:0.001000s ]
INFO: [ app_begin ] --START--
INFO: Run Behavior\ReadHtmlCacheBehavior [ RunTime:0.001000s ]
INFO: [ app_begin ] --END-- [ RunTime:0.001000s ]
SQL: SHOW COLUMNS FROM `ad_department` [ RunTime:0.003001s ]
SQL: SHOW COLUMNS FROM `ad_role` [ RunTime:0.002000s ]
SQL: SHOW COLUMNS FROM `ad_user` [ RunTime:0.003000s ]
NOTIC: [8] Undefined index: type E:\myphp\TopCH\Application\Admin\Controller\UserController.class.php 第 61 行.
NOTIC: [8] Undefined index: type E:\myphp\TopCH\Application\Admin\Controller\UserController.class.php 第 73 行.
NOTIC: [8] Undefined index: type E:\myphp\TopCH\Application\Admin\Controller\UserController.class.php 第 85 行.
SQL: SELECT `depart_Id`,`depart_name` FROM `ad_department` ORDER BY depart_Id  [ RunTime:0.000000s ]
INFO: [ view_parse ] --START--
INFO: [ template_filter ] --START--
INFO: Run Behavior\ContentReplaceBehavior [ RunTime:0.000000s ]
INFO: [ template_filter ] --END-- [ RunTime:0.000000s ]
SQL: SHOW COLUMNS FROM `ad_navi` [ RunTime:0.003000s ]
SQL: SELECT * FROM `ad_navi` WHERE `parent_id` = 0 ORDER BY parent_id asc,sort_id asc  [ RunTime:0.000000s ]
SQL: SELECT * FROM `ad_navi` WHERE `parent_id` = 1 ORDER BY sort_id asc  [ RunTime:0.000000s ]
NOTIC: [2] Invalid argument supplied for foreach() E:\myphp\TopCH\Application\Admin\Widget\MeauWidget.class.php 第 16 行.
SQL: SELECT * FROM `ad_navi` WHERE `parent_id` = 2 ORDER BY sort_id asc  [ RunTime:0.000000s ]
SQL: SELECT * FROM `ad_navi` WHERE `parent_id` = 8 ORDER BY sort_id asc  [ RunTime:0.000000s ]
SQL: SELECT * FROM `ad_navi` WHERE `parent_id` = 9 ORDER BY sort_id asc  [ RunTime:0.000000s ]
SQL: SELECT * FROM `ad_navi` WHERE `parent_id` = 10 ORDER BY sort_id asc  [ RunTime:0.000000s ]
SQL: SELECT * FROM `ad_navi` WHERE `parent_id` = 11 ORDER BY sort_id asc  [ RunTime:0.000000s ]
SQL: SELECT * FROM `ad_navi` WHERE `parent_id` = 12 ORDER BY sort_id asc  [ RunTime:0.000000s ]
SQL: SELECT * FROM `ad_navi` WHERE `parent_id` = 3 ORDER BY sort_id asc  [ RunTime:0.000000s ]
NOTIC: [2] Invalid argument supplied for foreach() E:\myphp\TopCH\Application\Admin\Widget\MeauWidget.class.php 第 16 行.
SQL: SELECT * FROM `ad_navi` WHERE `parent_id` = 4 ORDER BY sort_id asc  [ RunTime:0.000000s ]
NOTIC: [2] Invalid argument supplied for foreach() E:\myphp\TopCH\Application\Admin\Widget\MeauWidget.class.php 第 16 行.
SQL: SELECT * FROM `ad_navi` WHERE `parent_id` = 5 ORDER BY sort_id asc  [ RunTime:0.000000s ]
NOTIC: [2] Invalid argument supplied for foreach() E:\myphp\TopCH\Application\Admin\Widget\MeauWidget.class.php 第 16 行.
SQL: SELECT * FROM `ad_navi` WHERE `parent_id` = 6 ORDER BY sort_id asc  [ RunTime:0.000000s ]
NOTIC: [2] Invalid argument supplied for foreach() E:\myphp\TopCH\Application\Admin\Widget\MeauWidget.class.php 第 16 行.
SQL: SELECT * FROM `ad_navi` WHERE `parent_id` = 7 ORDER BY sort_id asc  [ RunTime:0.000000s ]
NOTIC: [2] Invalid argument supplied for foreach() E:\myphp\TopCH\Application\Admin\Widget\MeauWidget.class.php 第 16 行.
INFO: [ view_parse ] --START--
INFO: [ template_filter ] --START--
INFO: Run Behavior\ContentReplaceBehavior [ RunTime:0.000000s ]
INFO: [ template_filter ] --END-- [ RunTime:-0.022001s ]
INFO: Run Behavior\ParseTemplateBehavior [ RunTime:0.010000s ]
INFO: [ view_parse ] --END-- [ RunTime:0.010000s ]
INFO: [ view_filter ] --START--
INFO: Run Behavior\WriteHtmlCacheBehavior [ RunTime:0.001000s ]
INFO: [ view_filter ] --END-- [ RunTime:0.001000s ]
INFO: Run Behavior\ParseTemplateBehavior [ RunTime:0.012000s ]
INFO: [ view_parse ] --END-- [ RunTime:0.010000s ]
INFO: [ view_filter ] --START--
INFO: Run Behavior\WriteHtmlCacheBehavior [ RunTime:0.000000s ]
INFO: [ view_filter ] --END-- [ RunTime:-0.001000s ]
INFO: [ app_end ] --START--
INFO: Run Behavior\ShowPageTraceBehavior [ RunTime:0.001001s ]
INFO: [ app_end ] --END-- [ RunTime:0.001001s ]

[ 2015-03-12T17:47:10+08:00 ] 127.0.0.1 /admin.php/user/userInfo.html
INFO: [ app_init ] --START--
INFO: Run Behavior\BuildLiteBehavior [ RunTime:0.000000s ]
INFO: [ app_init ] --END-- [ RunTime:0.000000s ]
INFO: [ app_begin ] --START--
INFO: Run Behavior\ReadHtmlCacheBehavior [ RunTime:0.001000s ]
INFO: [ app_begin ] --END-- [ RunTime:0.001000s ]
INFO: [ view_parse ] --START--
INFO: [ template_filter ] --START--
INFO: Run Behavior\ContentReplaceBehavior [ RunTime:0.000000s ]
INFO: [ template_filter ] --END-- [ RunTime:0.001000s ]
SQL: SHOW COLUMNS FROM `ad_navi` [ RunTime:0.003000s ]
SQL: SELECT * FROM `ad_navi` WHERE `parent_id` = 0 ORDER BY parent_id asc,sort_id asc  [ RunTime:0.001000s ]
SQL: SELECT * FROM `ad_navi` WHERE `parent_id` = 1 ORDER BY sort_id asc  [ RunTime:0.000000s ]
NOTIC: [2] Invalid argument supplied for foreach() E:\myphp\TopCH\Application\Admin\Widget\MeauWidget.class.php 第 16 行.
SQL: SELECT * FROM `ad_navi` WHERE `parent_id` = 2 ORDER BY sort_id asc  [ RunTime:0.000000s ]
SQL: SELECT * FROM `ad_navi` WHERE `parent_id` = 8 ORDER BY sort_id asc  [ RunTime:0.001000s ]
SQL: SELECT * FROM `ad_navi` WHERE `parent_id` = 9 ORDER BY sort_id asc  [ RunTime:0.000000s ]
SQL: SELECT * FROM `ad_navi` WHERE `parent_id` = 10 ORDER BY sort_id asc  [ RunTime:0.000000s ]
SQL: SELECT * FROM `ad_navi` WHERE `parent_id` = 11 ORDER BY sort_id asc  [ RunTime:0.000000s ]
SQL: SELECT * FROM `ad_navi` WHERE `parent_id` = 12 ORDER BY sort_id asc  [ RunTime:0.000000s ]
SQL: SELECT * FROM `ad_navi` WHERE `parent_id` = 3 ORDER BY sort_id asc  [ RunTime:0.001000s ]
NOTIC: [2] Invalid argument supplied for foreach() E:\myphp\TopCH\Application\Admin\Widget\MeauWidget.class.php 第 16 行.
SQL: SELECT * FROM `ad_navi` WHERE `parent_id` = 4 ORDER BY sort_id asc  [ RunTime:0.000000s ]
NOTIC: [2] Invalid argument supplied for foreach() E:\myphp\TopCH\Application\Admin\Widget\MeauWidget.class.php 第 16 行.
SQL: SELECT * FROM `ad_navi` WHERE `parent_id` = 5 ORDER BY sort_id asc  [ RunTime:0.000000s ]
NOTIC: [2] Invalid argument supplied for foreach() E:\myphp\TopCH\Application\Admin\Widget\MeauWidget.class.php 第 16 行.
SQL: SELECT * FROM `ad_navi` WHERE `parent_id` = 6 ORDER BY sort_id asc  [ RunTime:0.000000s ]
NOTIC: [2] Invalid argument supplied for foreach() E:\myphp\TopCH\Application\Admin\Widget\MeauWidget.class.php 第 16 行.
SQL: SELECT * FROM `ad_navi` WHERE `parent_id` = 7 ORDER BY sort_id asc  [ RunTime:0.001000s ]
NOTIC: [2] Invalid argument supplied for foreach() E:\myphp\TopCH\Application\Admin\Widget\MeauWidget.class.php 第 16 行.
INFO: [ view_parse ] --START--
INFO: [ template_filter ] --START--
INFO: Run Behavior\ContentReplaceBehavior [ RunTime:0.001000s ]
INFO: [ template_filter ] --END-- [ RunTime:-0.032002s ]
INFO: Run Behavior\ParseTemplateBehavior [ RunTime:0.008000s ]
INFO: [ view_parse ] --END-- [ RunTime:0.008000s ]
INFO: [ view_filter ] --START--
INFO: Run Behavior\WriteHtmlCacheBehavior [ RunTime:0.000000s ]
INFO: [ view_filter ] --END-- [ RunTime:0.000000s ]
NOTIC: [8] Undefined variable: alert E:\myphp\TopCH\Runtime\Cache\Admin\77c8641503353dfe2b0965e0be90332f.php 第 48 行.
INFO: Run Behavior\ParseTemplateBehavior [ RunTime:0.009000s ]
INFO: [ view_parse ] --END-- [ RunTime:0.008000s ]
INFO: [ view_filter ] --START--
INFO: Run Behavior\WriteHtmlCacheBehavior [ RunTime:0.000000s ]
INFO: [ view_filter ] --END-- [ RunTime:0.000000s ]
INFO: [ app_end ] --START--
INFO: Run Behavior\ShowPageTraceBehavior [ RunTime:0.000000s ]
INFO: [ app_end ] --END-- [ RunTime:0.000000s ]

[ 2015-03-12T17:47:10+08:00 ] 127.0.0.1 /admin.php/User/userList
INFO: [ app_init ] --START--
INFO: Run Behavior\BuildLiteBehavior [ RunTime:0.000000s ]
INFO: [ app_init ] --END-- [ RunTime:0.001000s ]
INFO: [ app_begin ] --START--
INFO: Run Behavior\ReadHtmlCacheBehavior [ RunTime:0.001001s ]
INFO: [ app_begin ] --END-- [ RunTime:0.001001s ]
SQL: SHOW COLUMNS FROM `ad_user` [ RunTime:0.004000s ]
SQL: SHOW COLUMNS FROM `ad_role` [ RunTime:0.003000s ]
SQL: SHOW COLUMNS FROM `ad_department` [ RunTime:0.003000s ]
SQL: SELECT user.uid AS uid,user.uname AS uname,user.status AS status,user.wid AS wid,user.sex AS sex,user.qq AS qq,user.address AS address,user.email AS email,user.mobile AS mobile,role.roleid AS roleid,role.depart_id AS depart_id,role.role_name AS role_name,department.depart_name AS depart_name FROM ad_user user LEFT JOIN ad_role role ON user.roleId=role.roleId LEFT JOIN ad_department department ON department.depart_id=role.depart_id  [ RunTime:0.000000s ]
INFO: [ app_end ] --START--
INFO: Run Behavior\ShowPageTraceBehavior [ RunTime:0.000000s ]
INFO: [ app_end ] --END-- [ RunTime:0.000000s ]

[ 2015-03-12T17:47:18+08:00 ] 127.0.0.1 /admin.php/User/departList
INFO: [ app_init ] --START--
INFO: Run Behavior\BuildLiteBehavior [ RunTime:0.001000s ]
INFO: [ app_init ] --END-- [ RunTime:0.001000s ]
INFO: [ app_begin ] --START--
INFO: Run Behavior\ReadHtmlCacheBehavior [ RunTime:0.001000s ]
INFO: [ app_begin ] --END-- [ RunTime:0.001000s ]
SQL: SHOW COLUMNS FROM `ad_department` [ RunTime:0.003000s ]
SQL: SELECT * FROM `ad_department`  [ RunTime:0.000000s ]
INFO: [ app_end ] --START--
INFO: Run Behavior\ShowPageTraceBehavior [ RunTime:0.001000s ]
INFO: [ app_end ] --END-- [ RunTime:0.001000s ]

[ 2015-03-12T17:53:10+08:00 ] 127.0.0.1 /admin.php/0/0.html
INFO: [ app_init ] --START--
INFO: Run Behavior\BuildLiteBehavior [ RunTime:0.000000s ]
INFO: [ app_init ] --END-- [ RunTime:0.001000s ]
INFO: [ app_begin ] --START--
INFO: Run Behavior\ReadHtmlCacheBehavior [ RunTime:0.000000s ]
INFO: [ app_begin ] --END-- [ RunTime:0.001000s ]
INFO: [ view_parse ] --START--
INFO: [ template_filter ] --START--
INFO: Run Behavior\ContentReplaceBehavior [ RunTime:0.001000s ]
INFO: [ template_filter ] --END-- [ RunTime:0.001000s ]
NOTIC: [8] Undefined variable: alert E:\myphp\TopCH\Runtime\Cache\Admin\dd023d97164b5a749e2edb2ef1228c9f.php 第 51 行.
INFO: Run Behavior\ParseTemplateBehavior [ RunTime:0.015001s ]
INFO: [ view_parse ] --END-- [ RunTime:0.016001s ]
INFO: [ view_filter ] --START--
INFO: Run Behavior\WriteHtmlCacheBehavior [ RunTime:0.001000s ]
INFO: [ view_filter ] --END-- [ RunTime:0.001000s ]
INFO: [ app_end ] --START--
INFO: Run Behavior\ShowPageTraceBehavior [ RunTime:0.001000s ]
INFO: [ app_end ] --END-- [ RunTime:0.001000s ]

[ 2015-03-12T17:53:11+08:00 ] 127.0.0.1 /admin.php/User/userList
INFO: [ app_init ] --START--
INFO: Run Behavior\BuildLiteBehavior [ RunTime:0.000000s ]
INFO: [ app_init ] --END-- [ RunTime:0.000000s ]
INFO: [ app_begin ] --START--
INFO: Run Behavior\ReadHtmlCacheBehavior [ RunTime:0.000000s ]
INFO: [ app_begin ] --END-- [ RunTime:0.000000s ]
SQL: SHOW COLUMNS FROM `ad_user` [ RunTime:0.003000s ]
SQL: SHOW COLUMNS FROM `ad_role` [ RunTime:0.003000s ]
SQL: SHOW COLUMNS FROM `ad_department` [ RunTime:0.003001s ]
SQL: SELECT user.uid AS uid,user.uname AS uname,user.status AS status,user.wid AS wid,user.sex AS sex,user.qq AS qq,user.address AS address,user.email AS email,user.mobile AS mobile,role.roleid AS roleid,role.depart_id AS depart_id,role.role_name AS role_name,department.depart_name AS depart_name FROM ad_user user LEFT JOIN ad_role role ON user.roleId=role.roleId LEFT JOIN ad_department department ON department.depart_id=role.depart_id  [ RunTime:0.001000s ]
INFO: [ app_end ] --START--
INFO: Run Behavior\ShowPageTraceBehavior [ RunTime:0.001000s ]
INFO: [ app_end ] --END-- [ RunTime:0.001000s ]

